<?xml version="1.0" encoding="UTF-8"?>
<!-- Generated by org.testng.reporters.JUnitReportReporter -->
<testsuite hostname="Aashutosh" failures="0" tests="2" name="com.qa.tests.GetAPITest" time="0.950" errors="0" timestamp="2023-03-05T12:40:33 EST" skipped="0">
  <testcase classname="com.qa.tests.GetAPITest" name="getAPIWithoutHeadersTest" time="0.848"/>
  <testcase classname="com.qa.tests.GetAPITest" name="getAPIWithHeadersTest" time="0.102"/>
</testsuite> <!-- com.qa.tests.GetAPITest -->
